<?xml version="1.0" encoding="UTF-8"?>
<!-- Generated by org.testng.reporters.JUnitXMLReporter -->
<testsuite hostname="Munishmas-Mac.local" ignored="3" name="Grouping Sanity" tests="3" failures="0" timestamp="04 Jan 2019 12:09:59 GMT" time="8.854" errors="0">
  <testcase name="validateLaunchBing" time="0.888" classname="com.vmetry.testng.Grouping"/>
  <testcase name="validateLaunchGoogle" time="0.963" classname="com.vmetry.testng.Grouping"/>
  <testcase name="validateLaunchMSN" time="1.348" classname="com.vmetry.testng.Grouping"/>
  <testcase name="validateLaunchAsk" time="0.0" classname="com.vmetry.testng.Grouping">
    <ignored/>
  </testcase> <!-- validateLaunchAsk -->
  <testcase name="validateLaunchMyntra" time="0.0" classname="com.vmetry.testng.Grouping">
    <ignored/>
  </testcase> <!-- validateLaunchMyntra -->
  <testcase name="validateLaunchFacebook" time="0.0" classname="com.vmetry.testng.Grouping">
    <ignored/>
  </testcase> <!-- validateLaunchFacebook -->
</testsuite> <!-- Grouping Sanity -->
