<?xml version="1.0" encoding="UTF-8"?>
<!-- Generated by org.testng.reporters.JUnitXMLReporter -->
<testsuite hostname="Munishmas-Mac.local" ignored="4" name="Grouping Smoke" tests="2" failures="0" timestamp="04 Jan 2019 12:09:50 GMT" time="8.251" errors="0">
  <testcase name="validateLaunchBing" time="1.001" classname="com.vmetry.testng.Grouping"/>
  <testcase name="validateLaunchFacebook" time="2.074" classname="com.vmetry.testng.Grouping"/>
  <testcase name="validateLaunchAsk" time="0.0" classname="com.vmetry.testng.Grouping">
    <ignored/>
  </testcase> <!-- validateLaunchAsk -->
  <testcase name="validateLaunchMyntra" time="0.0" classname="com.vmetry.testng.Grouping">
    <ignored/>
  </testcase> <!-- validateLaunchMyntra -->
  <testcase name="validateLaunchGoogle" time="0.0" classname="com.vmetry.testng.Grouping">
    <ignored/>
  </testcase> <!-- validateLaunchGoogle -->
  <testcase name="validateLaunchMSN" time="0.0" classname="com.vmetry.testng.Grouping">
    <ignored/>
  </testcase> <!-- validateLaunchMSN -->
</testsuite> <!-- Grouping Smoke -->
