<?xml version="1.0" encoding="UTF-8"?>
<testng-results ignored="0" total="1" passed="1" failed="0" skipped="0">
  <reporter-output>
  </reporter-output>
  <suite started-at="2021-06-16T16:26:10 IST" name="Default suite" finished-at="2021-06-16T16:26:30 IST" duration-ms="20384">
    <groups>
    </groups>
    <test started-at="2021-06-16T16:26:10 IST" name="Default test" finished-at="2021-06-16T16:26:30 IST" duration-ms="20384">
      <class name="com.vmetry.testng.RetryTest">
        <test-method signature="validateInputData()[pri:0, instance:com.vmetry.testng.RetryTest@4e91d63f]" started-at="2021-06-16T16:26:10 IST" name="validateInputData" finished-at="2021-06-16T16:26:30 IST" duration-ms="20308" status="PASS">
          <reporter-output>
          </reporter-output>
        </test-method> <!-- validateInputData -->
      </class> <!-- com.vmetry.testng.RetryTest -->
    </test> <!-- Default test -->
  </suite> <!-- Default suite -->
</testng-results>
