<?xml version="1.0" encoding="UTF-8"?>
<testng-results skipped="0" failed="1" ignored="9" total="18" passed="8">
  <reporter-output>
  </reporter-output>
  <suite name="Vmetry Batch 11 Suite" duration-ms="27221" started-at="2019-01-04T12:08:56Z" finished-at="2019-01-04T12:09:23Z">
    <groups>
      <group name="Sanity">
        <method signature="Grouping.validateLaunchBing()[pri:0, instance:com.vmetry.testng.Grouping@39aeed2f]" name="validateLaunchBing" class="com.vmetry.testng.Grouping"/>
        <method signature="Grouping.validateLaunchBing()[pri:0, instance:com.vmetry.testng.Grouping@42d80b78]" name="validateLaunchBing" class="com.vmetry.testng.Grouping"/>
        <method signature="Grouping.validateLaunchGoogle()[pri:0, instance:com.vmetry.testng.Grouping@42d80b78]" name="validateLaunchGoogle" class="com.vmetry.testng.Grouping"/>
        <method signature="Grouping.validateLaunchMSN()[pri:0, instance:com.vmetry.testng.Grouping@42d80b78]" name="validateLaunchMSN" class="com.vmetry.testng.Grouping"/>
        <method signature="Grouping.validateLaunchGoogle()[pri:0, instance:com.vmetry.testng.Grouping@6a4f787b]" name="validateLaunchGoogle" class="com.vmetry.testng.Grouping"/>
        <method signature="Grouping.validateLaunchMSN()[pri:0, instance:com.vmetry.testng.Grouping@6a4f787b]" name="validateLaunchMSN" class="com.vmetry.testng.Grouping"/>
      </group> <!-- Sanity -->
      <group name="Regression">
        <method signature="Grouping.validateLaunchBing()[pri:0, instance:com.vmetry.testng.Grouping@39aeed2f]" name="validateLaunchBing" class="com.vmetry.testng.Grouping"/>
        <method signature="Grouping.validateLaunchFacebook()[pri:0, instance:com.vmetry.testng.Grouping@39aeed2f]" name="validateLaunchFacebook" class="com.vmetry.testng.Grouping"/>
        <method signature="Grouping.validateLaunchBing()[pri:0, instance:com.vmetry.testng.Grouping@42d80b78]" name="validateLaunchBing" class="com.vmetry.testng.Grouping"/>
        <method signature="Grouping.validateLaunchGoogle()[pri:0, instance:com.vmetry.testng.Grouping@42d80b78]" name="validateLaunchGoogle" class="com.vmetry.testng.Grouping"/>
        <method signature="Grouping.validateLaunchMSN()[pri:0, instance:com.vmetry.testng.Grouping@42d80b78]" name="validateLaunchMSN" class="com.vmetry.testng.Grouping"/>
        <method signature="Grouping.validateLaunchAsk()[pri:0, instance:com.vmetry.testng.Grouping@6a4f787b]" name="validateLaunchAsk" class="com.vmetry.testng.Grouping"/>
        <method signature="Grouping.validateLaunchGoogle()[pri:0, instance:com.vmetry.testng.Grouping@6a4f787b]" name="validateLaunchGoogle" class="com.vmetry.testng.Grouping"/>
        <method signature="Grouping.validateLaunchMSN()[pri:0, instance:com.vmetry.testng.Grouping@6a4f787b]" name="validateLaunchMSN" class="com.vmetry.testng.Grouping"/>
        <method signature="Grouping.validateLaunchMyntra()[pri:0, instance:com.vmetry.testng.Grouping@6a4f787b]" name="validateLaunchMyntra" class="com.vmetry.testng.Grouping"/>
      </group> <!-- Regression -->
      <group name="Smoke">
        <method signature="Grouping.validateLaunchBing()[pri:0, instance:com.vmetry.testng.Grouping@39aeed2f]" name="validateLaunchBing" class="com.vmetry.testng.Grouping"/>
        <method signature="Grouping.validateLaunchFacebook()[pri:0, instance:com.vmetry.testng.Grouping@39aeed2f]" name="validateLaunchFacebook" class="com.vmetry.testng.Grouping"/>
        <method signature="Grouping.validateLaunchBing()[pri:0, instance:com.vmetry.testng.Grouping@42d80b78]" name="validateLaunchBing" class="com.vmetry.testng.Grouping"/>
      </group> <!-- Smoke -->
    </groups>
    <test name="Grouping Smoke" duration-ms="8319" started-at="2019-01-04T12:08:56Z" finished-at="2019-01-04T12:09:04Z">
      <class name="com.vmetry.testng.Grouping">
        <test-method status="PASS" signature="setUp()[pri:0, instance:com.vmetry.testng.Grouping@39aeed2f]" name="setUp" is-config="true" duration-ms="1750" started-at="2019-01-04T17:38:56Z" finished-at="2019-01-04T17:38:58Z">
          <reporter-output>
          </reporter-output>
        </test-method> <!-- setUp -->
        <test-method status="PASS" signature="validateLaunchBing()[pri:0, instance:com.vmetry.testng.Grouping@39aeed2f]" name="validateLaunchBing" duration-ms="892" started-at="2019-01-04T17:38:58Z" finished-at="2019-01-04T17:38:59Z">
          <reporter-output>
          </reporter-output>
        </test-method> <!-- validateLaunchBing -->
        <test-method status="PASS" signature="afterMethod()[pri:0, instance:com.vmetry.testng.Grouping@39aeed2f]" name="afterMethod" is-config="true" duration-ms="1005" started-at="2019-01-04T17:38:59Z" finished-at="2019-01-04T17:39:00Z">
          <reporter-output>
          </reporter-output>
        </test-method> <!-- afterMethod -->
        <test-method status="PASS" signature="validateLaunchFacebook()[pri:0, instance:com.vmetry.testng.Grouping@39aeed2f]" name="validateLaunchFacebook" duration-ms="2042" started-at="2019-01-04T17:39:00Z" finished-at="2019-01-04T17:39:02Z">
          <reporter-output>
          </reporter-output>
        </test-method> <!-- validateLaunchFacebook -->
        <test-method status="PASS" signature="afterMethod()[pri:0, instance:com.vmetry.testng.Grouping@39aeed2f]" name="afterMethod" is-config="true" duration-ms="1004" started-at="2019-01-04T17:39:02Z" finished-at="2019-01-04T17:39:03Z">
          <reporter-output>
          </reporter-output>
        </test-method> <!-- afterMethod -->
        <test-method status="PASS" signature="tearDown()[pri:0, instance:com.vmetry.testng.Grouping@39aeed2f]" name="tearDown" is-config="true" duration-ms="1606" started-at="2019-01-04T17:39:03Z" finished-at="2019-01-04T17:39:04Z">
          <reporter-output>
          </reporter-output>
        </test-method> <!-- tearDown -->
      </class> <!-- com.vmetry.testng.Grouping -->
    </test> <!-- Grouping Smoke -->
    <test name="Grouping Sanity" duration-ms="9892" started-at="2019-01-04T12:09:04Z" finished-at="2019-01-04T12:09:14Z">
      <class name="com.vmetry.testng.Grouping">
        <test-method status="PASS" signature="setUp()[pri:0, instance:com.vmetry.testng.Grouping@42d80b78]" name="setUp" is-config="true" duration-ms="997" started-at="2019-01-04T17:39:04Z" finished-at="2019-01-04T17:39:05Z">
          <reporter-output>
          </reporter-output>
        </test-method> <!-- setUp -->
        <test-method status="PASS" signature="validateLaunchBing()[pri:0, instance:com.vmetry.testng.Grouping@42d80b78]" name="validateLaunchBing" duration-ms="814" started-at="2019-01-04T17:39:05Z" finished-at="2019-01-04T17:39:06Z">
          <reporter-output>
          </reporter-output>
        </test-method> <!-- validateLaunchBing -->
        <test-method status="PASS" signature="afterMethod()[pri:0, instance:com.vmetry.testng.Grouping@42d80b78]" name="afterMethod" is-config="true" duration-ms="1000" started-at="2019-01-04T17:39:06Z" finished-at="2019-01-04T17:39:07Z">
          <reporter-output>
          </reporter-output>
        </test-method> <!-- afterMethod -->
        <test-method status="PASS" signature="validateLaunchGoogle()[pri:0, instance:com.vmetry.testng.Grouping@42d80b78]" name="validateLaunchGoogle" duration-ms="1100" started-at="2019-01-04T17:39:07Z" finished-at="2019-01-04T17:39:08Z">
          <reporter-output>
          </reporter-output>
        </test-method> <!-- validateLaunchGoogle -->
        <test-method status="PASS" signature="afterMethod()[pri:0, instance:com.vmetry.testng.Grouping@42d80b78]" name="afterMethod" is-config="true" duration-ms="1001" started-at="2019-01-04T17:39:08Z" finished-at="2019-01-04T17:39:09Z">
          <reporter-output>
          </reporter-output>
        </test-method> <!-- afterMethod -->
        <test-method status="PASS" signature="validateLaunchMSN()[pri:0, instance:com.vmetry.testng.Grouping@42d80b78]" name="validateLaunchMSN" duration-ms="2372" started-at="2019-01-04T17:39:09Z" finished-at="2019-01-04T17:39:12Z">
          <reporter-output>
          </reporter-output>
        </test-method> <!-- validateLaunchMSN -->
        <test-method status="PASS" signature="afterMethod()[pri:0, instance:com.vmetry.testng.Grouping@42d80b78]" name="afterMethod" is-config="true" duration-ms="1003" started-at="2019-01-04T17:39:12Z" finished-at="2019-01-04T17:39:13Z">
          <reporter-output>
          </reporter-output>
        </test-method> <!-- afterMethod -->
        <test-method status="PASS" signature="tearDown()[pri:0, instance:com.vmetry.testng.Grouping@42d80b78]" name="tearDown" is-config="true" duration-ms="1599" started-at="2019-01-04T17:39:13Z" finished-at="2019-01-04T17:39:14Z">
          <reporter-output>
          </reporter-output>
        </test-method> <!-- tearDown -->
      </class> <!-- com.vmetry.testng.Grouping -->
    </test> <!-- Grouping Sanity -->
    <test name="Exclude Smoke" duration-ms="8988" started-at="2019-01-04T12:09:14Z" finished-at="2019-01-04T12:09:23Z">
      <class name="com.vmetry.testng.Grouping">
        <test-method status="PASS" signature="setUp()[pri:0, instance:com.vmetry.testng.Grouping@6a4f787b]" name="setUp" is-config="true" duration-ms="980" started-at="2019-01-04T17:39:14Z" finished-at="2019-01-04T17:39:15Z">
          <reporter-output>
          </reporter-output>
        </test-method> <!-- setUp -->
        <test-method status="PASS" signature="validateLaunchAsk()[pri:0, instance:com.vmetry.testng.Grouping@6a4f787b]" name="validateLaunchAsk" duration-ms="625" started-at="2019-01-04T17:39:15Z" finished-at="2019-01-04T17:39:16Z">
          <reporter-output>
          </reporter-output>
        </test-method> <!-- validateLaunchAsk -->
        <test-method status="PASS" signature="afterMethod()[pri:0, instance:com.vmetry.testng.Grouping@6a4f787b]" name="afterMethod" is-config="true" duration-ms="1004" started-at="2019-01-04T17:39:16Z" finished-at="2019-01-04T17:39:17Z">
          <reporter-output>
          </reporter-output>
        </test-method> <!-- afterMethod -->
        <test-method status="PASS" signature="validateLaunchGoogle()[pri:0, instance:com.vmetry.testng.Grouping@6a4f787b]" name="validateLaunchGoogle" duration-ms="667" started-at="2019-01-04T17:39:17Z" finished-at="2019-01-04T17:39:18Z">
          <reporter-output>
          </reporter-output>
        </test-method> <!-- validateLaunchGoogle -->
        <test-method status="PASS" signature="afterMethod()[pri:0, instance:com.vmetry.testng.Grouping@6a4f787b]" name="afterMethod" is-config="true" duration-ms="1004" started-at="2019-01-04T17:39:18Z" finished-at="2019-01-04T17:39:19Z">
          <reporter-output>
          </reporter-output>
        </test-method> <!-- afterMethod -->
        <test-method status="PASS" signature="validateLaunchMSN()[pri:0, instance:com.vmetry.testng.Grouping@6a4f787b]" name="validateLaunchMSN" duration-ms="1073" started-at="2019-01-04T17:39:19Z" finished-at="2019-01-04T17:39:20Z">
          <reporter-output>
          </reporter-output>
        </test-method> <!-- validateLaunchMSN -->
        <test-method status="PASS" signature="afterMethod()[pri:0, instance:com.vmetry.testng.Grouping@6a4f787b]" name="afterMethod" is-config="true" duration-ms="1003" started-at="2019-01-04T17:39:20Z" finished-at="2019-01-04T17:39:21Z">
          <reporter-output>
          </reporter-output>
        </test-method> <!-- afterMethod -->
        <test-method status="FAIL" signature="validateLaunchMyntra()[pri:0, instance:com.vmetry.testng.Grouping@6a4f787b]" name="validateLaunchMyntra" duration-ms="24" started-at="2019-01-04T17:39:21Z" finished-at="2019-01-04T17:39:21Z">
          <exception class="org.openqa.selenium.NoSuchWindowException">
            <message>
              <![CDATA[no such window: window was already closed  (Session info: chrome=71.0.3578.98)  (Driver info: chromedriver=2.43.600229 (3fae4d0cda5334b4f533bede5a4787f7b832d052),platform=Mac OS X 10.14.0 x86_64) (WARNING: The server did not provide any stacktrace information)Command duration or timeout: 0 millisecondsBuild info: version: '3.141.59', revision: 'e82be7d358', time: '2018-11-14T08:25:53'System info: host: 'Munishmas-Mac.local', ip: 'fe80:0:0:0:c82:460c:1110:8592%en0', os.name: 'Mac OS X', os.arch: 'x86_64', os.version: '10.14', java.version: '1.8.0_131'Driver info: org.openqa.selenium.chrome.ChromeDriverCapabilities {acceptInsecureCerts: false, acceptSslCerts: false, applicationCacheEnabled: false, browserConnectionEnabled: false, browserName: chrome, chrome: {chromedriverVersion: 2.43.600229 (3fae4d0cda5334..., userDataDir: /var/folders/q_/10yhngdn0dq...}, cssSelectorsEnabled: true, databaseEnabled: false, goog:chromeOptions: {debuggerAddress: localhost:60459}, handlesAlerts: true, hasTouchScreen: false, javascriptEnabled: true, locationContextEnabled: true, mobileEmulationEnabled: false, nativeEvents: true, networkConnectionEnabled: false, pageLoadStrategy: normal, platform: MAC, platformName: MAC, rotatable: false, setWindowRect: true, takesHeapSnapshot: true, takesScreenshot: true, unexpectedAlertBehaviour: , unhandledPromptBehavior: , version: 71.0.3578.98, webStorageEnabled: true}Session ID: c3279d14e84bbea407610084bbd49287]]>
            </message>
            <full-stacktrace>
              <![CDATA[org.openqa.selenium.NoSuchWindowException: no such window: window was already closed  (Session info: chrome=71.0.3578.98)  (Driver info: chromedriver=2.43.600229 (3fae4d0cda5334b4f533bede5a4787f7b832d052),platform=Mac OS X 10.14.0 x86_64) (WARNING: The server did not provide any stacktrace information)Command duration or timeout: 0 millisecondsBuild info: version: '3.141.59', revision: 'e82be7d358', time: '2018-11-14T08:25:53'System info: host: 'Munishmas-Mac.local', ip: 'fe80:0:0:0:c82:460c:1110:8592%en0', os.name: 'Mac OS X', os.arch: 'x86_64', os.version: '10.14', java.version: '1.8.0_131'Driver info: org.openqa.selenium.chrome.ChromeDriverCapabilities {acceptInsecureCerts: false, acceptSslCerts: false, applicationCacheEnabled: false, browserConnectionEnabled: false, browserName: chrome, chrome: {chromedriverVersion: 2.43.600229 (3fae4d0cda5334..., userDataDir: /var/folders/q_/10yhngdn0dq...}, cssSelectorsEnabled: true, databaseEnabled: false, goog:chromeOptions: {debuggerAddress: localhost:60459}, handlesAlerts: true, hasTouchScreen: false, javascriptEnabled: true, locationContextEnabled: true, mobileEmulationEnabled: false, nativeEvents: true, networkConnectionEnabled: false, pageLoadStrategy: normal, platform: MAC, platformName: MAC, rotatable: false, setWindowRect: true, takesHeapSnapshot: true, takesScreenshot: true, unexpectedAlertBehaviour: , unhandledPromptBehavior: , version: 71.0.3578.98, webStorageEnabled: true}Session ID: c3279d14e84bbea407610084bbd49287at sun.reflect.NativeConstructorAccessorImpl.newInstance0(Native Method)at sun.reflect.NativeConstructorAccessorImpl.newInstance(NativeConstructorAccessorImpl.java:62)at sun.reflect.DelegatingConstructorAccessorImpl.newInstance(DelegatingConstructorAccessorImpl.java:45)at java.lang.reflect.Constructor.newInstance(Constructor.java:423)at org.openqa.selenium.remote.ErrorHandler.createThrowable(ErrorHandler.java:214)at org.openqa.selenium.remote.ErrorHandler.throwIfResponseFailed(ErrorHandler.java:166)at org.openqa.selenium.remote.http.JsonHttpResponseCodec.reconstructValue(JsonHttpResponseCodec.java:40)at org.openqa.selenium.remote.http.AbstractHttpResponseCodec.decode(AbstractHttpResponseCodec.java:80)at org.openqa.selenium.remote.http.AbstractHttpResponseCodec.decode(AbstractHttpResponseCodec.java:44)at org.openqa.selenium.remote.HttpCommandExecutor.execute(HttpCommandExecutor.java:158)at org.openqa.selenium.remote.service.DriverCommandExecutor.execute(DriverCommandExecutor.java:83)at org.openqa.selenium.remote.RemoteWebDriver.execute(RemoteWebDriver.java:552)at org.openqa.selenium.remote.RemoteWebDriver.get(RemoteWebDriver.java:277)at com.vmetry.testng.Grouping.validateLaunchMyntra(Grouping.java:45)at sun.reflect.NativeMethodAccessorImpl.invoke0(Native Method)at sun.reflect.NativeMethodAccessorImpl.invoke(NativeMethodAccessorImpl.java:62)at sun.reflect.DelegatingMethodAccessorImpl.invoke(DelegatingMethodAccessorImpl.java:43)at java.lang.reflect.Method.invoke(Method.java:498)at org.testng.internal.MethodInvocationHelper.invokeMethod(MethodInvocationHelper.java:124)at org.testng.internal.Invoker.invokeMethod(Invoker.java:571)at org.testng.internal.Invoker.invokeTestMethod(Invoker.java:707)at org.testng.internal.Invoker.invokeTestMethods(Invoker.java:979)at org.testng.internal.TestMethodWorker.invokeTestMethods(TestMethodWorker.java:125)at org.testng.internal.TestMethodWorker.run(TestMethodWorker.java:109)at org.testng.TestRunner.privateRun(TestRunner.java:648)at org.testng.TestRunner.run(TestRunner.java:505)at org.testng.SuiteRunner.runTest(SuiteRunner.java:455)at org.testng.SuiteRunner.runSequentially(SuiteRunner.java:450)at org.testng.SuiteRunner.privateRun(SuiteRunner.java:415)at org.testng.SuiteRunner.run(SuiteRunner.java:364)at org.testng.SuiteRunnerWorker.runSuite(SuiteRunnerWorker.java:52)at org.testng.SuiteRunnerWorker.run(SuiteRunnerWorker.java:84)at org.testng.TestNG.runSuitesSequentially(TestNG.java:1187)at org.testng.TestNG.runSuitesLocally(TestNG.java:1116)at org.testng.TestNG.runSuites(TestNG.java:1028)at org.testng.TestNG.run(TestNG.java:996)at org.testng.remote.AbstractRemoteTestNG.run(AbstractRemoteTestNG.java:114)at org.testng.remote.RemoteTestNG.initAndRun(RemoteTestNG.java:251)at org.testng.remote.RemoteTestNG.main(RemoteTestNG.java:77)]]>
            </full-stacktrace>
          </exception> <!-- org.openqa.selenium.NoSuchWindowException -->
          <reporter-output>
          </reporter-output>
        </test-method> <!-- validateLaunchMyntra -->
        <test-method status="PASS" signature="afterMethod()[pri:0, instance:com.vmetry.testng.Grouping@6a4f787b]" name="afterMethod" is-config="true" duration-ms="1004" started-at="2019-01-04T17:39:21Z" finished-at="2019-01-04T17:39:22Z">
          <reporter-output>
          </reporter-output>
        </test-method> <!-- afterMethod -->
        <test-method status="PASS" signature="tearDown()[pri:0, instance:com.vmetry.testng.Grouping@6a4f787b]" name="tearDown" is-config="true" duration-ms="1596" started-at="2019-01-04T17:39:22Z" finished-at="2019-01-04T17:39:23Z">
          <reporter-output>
          </reporter-output>
        </test-method> <!-- tearDown -->
      </class> <!-- com.vmetry.testng.Grouping -->
    </test> <!-- Exclude Smoke -->
  </suite> <!-- Vmetry Batch 11 Suite -->
</testng-results>
